# Agent Failure Log

- agent: iflow
- model: glm-5
- exitStatus: 0
- error: spawnSync powershell.exe ETIMEDOUT

## stdout

[client] initialize (running)

[client] session/new (running)
I'll start by reading the stage brief and the producer report to understand the task and proposed fix.

[tool] Read File (pending)

[tool] Read File (pending)

[tool] ops\stages\02-fix-plan\brief.md (completed)
  kind: read
  files: D:\Code\principles\ops\ai-sprints\2026-03-31T12-25-53-994Z-empathy-runtime-fix\stages\02-fix-plan\brief.md
  output:
    Read all 52 lines from ops/ai-sprints/2026-03-31T12-25-53-994Z-empathy-runtime-fix/stages/02-fix-plan/brief.md

[tool] ops\stages\02-fix-plan\producer.md (completed)
  kind: read
  files: D:\Code\principles\ops\ai-sprints\2026-03-31T12-25-53-994Z-empathy-runtime-fix\stages\02-fix-plan\producer.md
  output:
    Read all 230 lines from ops/ai-sprints/2026-03-31T12-25-53-994Z-empathy-runtime-fix/stages/02-fix-plan/producer.md
Now I'll read the current source file to verify the proposed changes and check for scope creep.

[tool] Read File (pending)

[tool] ...packages\\empathy-observer-manager.ts (completed)
  kind: read
  files: D:\Code\principles\packages\openclaw-plugin\src\service\empathy-observer-manager.ts
  output:
    Read all 500 lines from packages/openclaw-plugin/src/service/empathy-observer-manager.ts
Now let me read the existing tests to understand coverage and verify the producer's claims:

[tool] Read File (pending)

[tool] ...ages\\empathy-observer-manager.test.ts (completed)
  kind: read
  files: D:\Code\principles\packages\openclaw-plugin\tests\service\empathy-observer-manager.test.ts
  output:
    Read all 355 lines from packages/openclaw-plugin/tests/service/empathy-observer-manager.test.ts
Now let me check the previous reviewer reports to understand the history:

[tool] Read File (pending)

[tool] Read File (pending)

[tool] ...ops\stages\02-fix-plan\reviewer-a.md (completed)
  kind: read
  files: D:\Code\principles\ops\ai-sprints\2026-03-31T12-25-53-994Z-empathy-runtime-fix\stages\02-fix-plan\reviewer-a.md
  output:
    Read all 103 lines from ops/ai-sprints/2026-03-31T12-25-53-994Z-empathy-runtime-fix/stages/02-fix-plan/reviewer-a.md

[tool] ...ops\02-fix-plan\reviewer-b-state.json (completed)
  kind: read
  files: D:\Code\principles\ops\ai-sprints\2026-03-31T12-25-53-994Z-empathy-runtime-fix\stages\02-fix-plan\reviewer-b-state.json
  output:
    Read all 20 lines from ops/ai-sprints/2026-03-31T12-25-53-994Z-empathy-runtime-fix/stages/02-fix-plan/reviewer-b-state.json
Let me check the previous reviewer-b report from round 2:

[tool] Read File (pending)

[tool] ...ops\02-fix-plan\reviewer-b-worklog.md (completed)
  kind: read
  files: D:\Code\principles\ops\ai-sprints\2026-03-31T12-25-53-994Z-empathy-runtime-fix\stages\02-fix-plan\reviewer-b-worklog.md
  output:
    Read all 152 lines from ops/ai-sprints/2026-03-31T12-25-53-994Z-empathy-runtime-fix/stages/02-fix-plan/reviewer-b-worklog.md
Now I understand the context. Let me update my role state and begin the review for Round 3:

[tool] Write File (pending)

[tool] Write to ...ops\02-fix-plan\reviewer-b-state.json (completed)
  kind: edit
  output:
    diff reviewer-b-state.json (-1 lines)
Now let me perform a thorough review. I need to:
1. Verify the producer's analysis against the actual code
2. Check if previous blockers were addressed
3. Verify test coverage adequacy
4. Check for scope creep

Let me examine the key areas more closely:

[tool] Read File (pending)

[tool] ...packages\\empathy-observer-manager.ts (completed)
  kind: read
  files: D:\Code\principles\packages\openclaw-plugin\src\service\empathy-observer-manager.ts:210
  output:
    Read lines 211-330 of 500 from packages/openclaw-plugin/src/service/empathy-observer-manager.ts

[tool] Read File (pending)

[tool] ...packages\\empathy-observer-manager.ts (completed)
  kind: read
  files: D:\Code\principles\packages\openclaw-plugin\src\service\empathy-observer-manager.ts:330
  output:
    Read lines 331-430 of 500 from packages/openclaw-plugin/src/service/empathy-observer-manager.ts
Now I have a complete picture. Let me verify the key findings by checking the exact lines mentioned:

[tool] Shell (pending)

[tool] cd D:\Code\principles\packages\openclaw-plugin\tests\service ; (Get-Content empathy-observer-manager.test.ts | Measure-Object -Line).Lines; (Select-String -Path empathy-observer-manager.test.ts -Pattern "^\s*it\(" | Measure-Object).Count [current working directory D:\Code\principles] (Count lines and test cases in test file) (completed)
  kind: execute
  output:
    290
    20
Good - confirmed there are 20 existing tests, not 29 as the producer claimed. Now let me write my worklog and final report:

[tool] Write File (pending)

[tool] Write to ...ops\02-fix-plan\reviewer-b-worklog.md (completed)
  kind: edit
  output:
    diff reviewer-b-worklog.md (-69 lines)

[tool] Write File (pending)

[tool] Write to ...ops\stages\02-fix-plan\reviewer-b.md (completed)
  kind: edit
  output:
    diff reviewer-b.md (+93 lines)

[tool] Write File (pending)

[tool] Write to ...ops\02-fix-plan\reviewer-b-state.json (completed)
  kind: edit
  output:
    diff reviewer-b-state.json (+3 lines)
ROLE_STATUS: completed; report=D:\Code\principles\ops\ai-sprints\2026-03-31T12-25-53-994Z-empathy-runtime-fix\stages\02-fix-plan\reviewer-b.md

[done] end_turn


## stderr

(node:58272) [DEP0190] DeprecationWarning: Passing args to a child process with shell option true can lead to security vulnerabilities, as the arguments are not escaped, only concatenated.
(Use `node --trace-deprecation ...` to show where the warning was created)
Failed to parse JSON message: [iFlow ACP Agent] ACP adapter factory initialized SyntaxError: Unexpected token 'i', "[iFlow ACP "... is not valid JSON
    at JSON.parse (<anonymous>)
    at Object.start (file:///C:/Users/Administrator/AppData/Roaming/npm/node_modules/acpx/dist/session-BtpTC2pM.js:802:29)
    at process.processTicksAndRejections (node:internal/process/task_queues:104:5)

