# Agent Failure Log

- agent: iflow
- model: glm-5
- exitStatus: 0
- error: spawnSync powershell.exe ETIMEDOUT

## stdout

[client] initialize (running)

[client] session/new (running)

[tool] Read File (pending)

[tool] Read File (pending)

[tool] ops\stages\02-fix-plan\producer.md (completed)
  kind: read
  files: D:\Code\principles\ops\ai-sprints\2026-03-31T12-25-53-994Z-empathy-runtime-fix\stages\02-fix-plan\producer.md
  output:
    Read all 230 lines from ops/ai-sprints/2026-03-31T12-25-53-994Z-empathy-runtime-fix/stages/02-fix-plan/producer.md

[tool] ops\stages\02-fix-plan\brief.md (completed)
  kind: read
  files: D:\Code\principles\ops\ai-sprints\2026-03-31T12-25-53-994Z-empathy-runtime-fix\stages\02-fix-plan\brief.md
  output:
    Read all 26 lines from ops/ai-sprints/2026-03-31T12-25-53-994Z-empathy-runtime-fix/stages/02-fix-plan/brief.md

[tool] Read File (pending)

[tool] ...packages\\empathy-observer-manager.ts (completed)
  kind: read
  files: D:\Code\principles\packages\openclaw-plugin\src\service\empathy-observer-manager.ts
  output:
    Read all 500 lines from packages/openclaw-plugin/src/service/empathy-observer-manager.ts
Now let me verify the specific line references from the producer's report and check for edge cases.

[tool] Read File (pending)

[tool] ...ages\\empathy-observer-manager.test.ts (completed)
  kind: read
  files: D:\Code\principles\packages\openclaw-plugin\tests\service\empathy-observer-manager.test.ts
  output:
    Read all 355 lines from packages/openclaw-plugin/tests/service/empathy-observer-manager.test.ts
Now let me verify the producer's claimed line numbers by carefully mapping the code:

[tool] Search (pending)

[tool] Search (pending)

[tool] 'await this\.reapBySession' in *.ts within ...packages\openclaw-plugin\src\service (completed)
  kind: search
  output:
    Found 2 matches

[tool] 'cleanupState\(parentSessionId' in *.ts within ...packages\openclaw-plugin\src\service (completed)
  kind: search
  output:
    Found 7 matches
Let me now create the state file and check the key assertions from the producer's analysis:

[tool] Write File (pending)

[tool] Write to ...ops\02-fix-plan\reviewer-a-state.json (completed)
  kind: edit
  output:
    diff reviewer-a-state.json (+6 lines)
Now let me carefully analyze the code paths and verify the producer's claims:

[tool] Read File (pending)

[tool] ...packages\\empathy-observer-manager.ts (completed)
  kind: read
  files: D:\Code\principles\packages\openclaw-plugin\src\service\empathy-observer-manager.ts:270
  output:
    Read lines 271-340 of 500 from packages/openclaw-plugin/src/service/empathy-observer-manager.ts

[tool] Read File (pending)

[tool] ...packages\\empathy-observer-manager.ts (completed)
  kind: read
  files: D:\Code\principles\packages\openclaw-plugin\src\service\empathy-observer-manager.ts:365
  output:
    Read lines 366-405 of 500 from packages/openclaw-plugin/src/service/empathy-observer-manager.ts
Now I have a clear picture. Let me analyze the producer's claims more carefully and write the review:

[tool] Write File (pending)

[tool] Write to ...ops\02-fix-plan\reviewer-a-worklog.md (completed)
  kind: edit
  output:
    diff reviewer-a-worklog.md (+71 lines)

[tool] Read File (pending)

[tool] ...packages\\empathy-observer-manager.ts (completed)
  kind: read
  files: D:\Code\principles\packages\openclaw-plugin\src\service\empathy-observer-manager.ts:210
  output:
    Read lines 211-240 of 500 from packages/openclaw-plugin/src/service/empathy-observer-manager.ts
Now I have all the information needed. Let me write the final review report:

[tool] Write File (pending)

[tool] Write to ...ops\stages\02-fix-plan\reviewer-a.md (completed)
  kind: edit
  output:
    diff reviewer-a.md (+103 lines)

[tool] Write File (pending)

[tool] Write to ...ops\02-fix-plan\reviewer-a-state.json (completed)
  kind: edit
  output:
    diff reviewer-a-state.json (+2 lines)
ROLE_STATUS: completed; report=D:\Code\principles\ops\ai-sprints\2026-03-31T12-25-53-994Z-empathy-runtime-fix\stages\02-fix-plan\reviewer-a.md

[done] end_turn


## stderr

(node:61652) [DEP0190] DeprecationWarning: Passing args to a child process with shell option true can lead to security vulnerabilities, as the arguments are not escaped, only concatenated.
(Use `node --trace-deprecation ...` to show where the warning was created)
Failed to parse JSON message: [iFlow ACP Agent] ACP adapter factory initialized SyntaxError: Unexpected token 'i', "[iFlow ACP "... is not valid JSON
    at JSON.parse (<anonymous>)
    at Object.start (file:///C:/Users/Administrator/AppData/Roaming/npm/node_modules/acpx/dist/session-BtpTC2pM.js:802:29)
    at process.processTicksAndRejections (node:internal/process/task_queues:104:5)

