# Agent Failure Log

- agent: iflow
- model: glm-5
- exitStatus: 0
- error: spawnSync powershell.exe ETIMEDOUT

## stdout

[client] initialize (running)

[client] session/new (running)
I'll start by reading the stage brief and the producer report to understand the verification task.

[tool] Read File (pending)

[tool] Read File (pending)

[tool] ops\stages\04-verify\brief.md (completed)
  kind: read
  files: D:\Code\principles\ops\ai-sprints\2026-03-31T12-25-53-994Z-empathy-runtime-fix\stages\04-verify\brief.md
  output:
    Read all 26 lines from ops/ai-sprints/2026-03-31T12-25-53-994Z-empathy-runtime-fix/stages/04-verify/brief.md

[tool] ops\stages\04-verify\producer.md (completed)
  kind: read
  files: D:\Code\principles\ops\ai-sprints\2026-03-31T12-25-53-994Z-empathy-runtime-fix\stages\04-verify\producer.md
  output:
    Read all 127 lines from ops/ai-sprints/2026-03-31T12-25-53-994Z-empathy-runtime-fix/stages/04-verify/producer.md
Let me now read the actual code changes to verify the producer's claims.

[tool] Read File (pending)

[tool] Read File (pending)

[tool] ...packages\\empathy-observer-manager.ts (completed)
  kind: read
  files: D:\Code\principles\packages\openclaw-plugin\src\service\empathy-observer-manager.ts
  output:
    Read all 510 lines from packages/openclaw-plugin/src/service/empathy-observer-manager.ts

[tool] ...ages\\empathy-observer-manager.test.ts (completed)
  kind: read
  files: D:\Code\principles\packages\openclaw-plugin\tests\service\empathy-observer-manager.test.ts
  output:
    Read all 384 lines from packages/openclaw-plugin/tests/service/empathy-observer-manager.test.ts
Now let me initialize my role state and verify the test results:

[tool] Shell (pending)

[tool] Write File (pending)

[tool] Write to ops\04-verify\reviewer-a-state.json (completed)
  kind: edit
  output:
    diff reviewer-a-state.json (+7 lines)

[tool] cd D:\Code\principles\packages\openclaw-plugin; npm test -- --run tests/service/empathy-observer-manager.test.ts 2>&1 | Select-Object -Last 50 [current working directory D:\Code\principles] (Run empathy observer tests to verify 22/22 pass) (completed)
  kind: execute
  output:
    > principles-disciple@1.8.0 test
    > vitest run --run tests/service/empathy-observer-manager.test.ts
    
    
     RUN  v4.1.0 D:/Code/principles/packages/openclaw-plugin
    
    
     Test Files  1 passed (1)
          Tests  22 passed (22)
       Start at  23:46:50
       Duration  945ms (transform 103ms, setup 0ms, import 296ms, tests 566ms, environment 0ms)
Tests confirmed 22/22 passing. Now let me verify the exact line numbers claimed by the producer for each change:

[tool] Read File (pending)

[tool] Read File (pending)

[tool] Read File (pending)

[tool] ...packages\\empathy-observer-manager.ts (completed)
  kind: read
  files: D:\Code\principles\packages\openclaw-plugin\src\service\empathy-observer-manager.ts:210
  output:
    Read lines 211-240 of 510 from packages/openclaw-plugin/src/service/empathy-observer-manager.ts

[tool] ...packages\\empathy-observer-manager.ts (completed)
  kind: read
  files: D:\Code\principles\packages\openclaw-plugin\src\service\empathy-observer-manager.ts:285
  output:
    Read lines 286-305 of 510 from packages/openclaw-plugin/src/service/empathy-observer-manager.ts

[tool] ...packages\\empathy-observer-manager.ts (completed)
  kind: read
  files: D:\Code\principles\packages\openclaw-plugin\src\service\empathy-observer-manager.ts:380
  output:
    Read lines 381-405 of 510 from packages/openclaw-plugin/src/service/empathy-observer-manager.ts
Good - I can verify the line numbers. Now let me check the `cleanupState` method and understand the complete flow:

[tool] Read File (pending)

[tool] Read File (pending)

[tool] ...packages\\empathy-observer-manager.ts (completed)
  kind: read
  files: D:\Code\principles\packages\openclaw-plugin\src\service\empathy-observer-manager.ts:455
  output:
    Read lines 456-470 of 510 from packages/openclaw-plugin/src/service/empathy-observer-manager.ts

[tool] ...packages\\empathy-observer-manager.ts (completed)
  kind: read
  files: D:\Code\principles\packages\openclaw-plugin\src\service\empathy-observer-manager.ts:95
  output:
    Read lines 96-125 of 510 from packages/openclaw-plugin/src/service/empathy-observer-manager.ts

[tool] Read File (pending)

[tool] ...packages\\empathy-observer-manager.ts (completed)
  kind: read
  files: D:\Code\principles\packages\openclaw-plugin\src\service\empathy-observer-manager.ts:440
  output:
    Read lines 441-455 of 510 from packages/openclaw-plugin/src/service/empathy-observer-manager.ts

[tool] Search (pending)

[tool] 'cleanupState' in file ...packages\\empathy-observer-manager.ts (completed)
  kind: search
  output:
    Found 7 matches

[tool] Read File (pending)

[tool] ...packages\\empathy-observer-manager.ts (completed)
  kind: read
  files: D:\Code\principles\packages\openclaw-plugin\src\service\empathy-observer-manager.ts:425
  output:
    Read lines 426-435 of 510 from packages/openclaw-plugin/src/service/empathy-observer-manager.ts
Now let me check for LSP diagnostics:

[tool] Shell (pending)

[tool] cd D:\Code\principles\packages\openclaw-plugin; npx tsc --noEmit 2>&1 | Select-Object -First 30 [current working directory D:\Code\principles] (Check TypeScript compilation for LSP diagnostics) (completed)
  kind: execute
TypeScript compilation passes cleanly. Now let me examine the key logical paths to verify the producer's claims are accurate. Let me trace through the complete flow for each change:

[tool] Read File (pending)

[tool] ...packages\\empathy-observer-manager.ts (completed)
  kind: read
  files: D:\Code\principles\packages\openclaw-plugin\src\service\empathy-observer-manager.ts:250
  output:
    Read lines 251-300 of 510 from packages/openclaw-plugin/src/service/empathy-observer-manager.ts
Now let me verify the test coverage for the claimed fixes. Let me check the two new tests specifically:

[tool] Search (pending)

[tool] 'ok path sets observedAt|ok path reapBySession failure preserves' in file ...ages\\empathy-observer-manager.test.ts (completed)
  kind: search
  output:
    Found 2 matches
Now let me write my worklog and analyze the remaining risks:

[tool] Write File (pending)

[tool] Write to ops\04-verify\reviewer-a-worklog.md (completed)
  kind: edit
  output:
    diff reviewer-a-worklog.md (+136 lines)
Now let me write my final report:

[tool] Write File (pending)

[tool] Write to ops\stages\04-verify\reviewer-a.md (completed)
  kind: edit
  output:
    diff reviewer-a.md (+71 lines)

[tool] Edit (pending)

[client] fs/read_text_file (running)

[tool] ops\04-verify\reviewer-a-state.json: {... => {... (completed)
  kind: edit
  files: D:\Code\principles\ops\ai-sprints\2026-03-31T12-25-53-994Z-empathy-runtime-fix\stages\04-verify\reviewer-a-state.json
  output:
    diff reviewer-a-state.json (+1 lines)
ROLE_STATUS: completed; report=D:\Code\principles\ops\ai-sprints\2026-03-31T12-25-53-994Z-empathy-runtime-fix\stages\04-verify\reviewer-a.md

[done] end_turn


## stderr

(node:71428) [DEP0190] DeprecationWarning: Passing args to a child process with shell option true can lead to security vulnerabilities, as the arguments are not escaped, only concatenated.
(Use `node --trace-deprecation ...` to show where the warning was created)
Failed to parse JSON message: [iFlow ACP Agent] ACP adapter factory initialized SyntaxError: Unexpected token 'i', "[iFlow ACP "... is not valid JSON
    at JSON.parse (<anonymous>)
    at Object.start (file:///C:/Users/Administrator/AppData/Roaming/npm/node_modules/acpx/dist/session-BtpTC2pM.js:802:29)
    at process.processTicksAndRejections (node:internal/process/task_queues:104:5)

